Grammar

    0 $accept: X $end

    1 X: Y

    2 Y: NUMBER Y
    3  | NUMBER


Terminals, with rules where they appear

    $end (0) 0
    error (256)
    NUMBER (258) 2 3


Nonterminals, with rules where they appear

    $accept (4)
        on left: 0
    X (5)
        on left: 1
        on right: 0
    Y (6)
        on left: 2 3
        on right: 1 2


State 0

    0 $accept: . X $end

    NUMBER  shift, and go to state 1

    X  go to state 2
    Y  go to state 3


State 1

    2 Y: NUMBER . Y
    3  | NUMBER .

    NUMBER  shift, and go to state 1

    $default  reduce using rule 3 (Y)

    Y  go to state 4


State 2

    0 $accept: X . $end

    $end  shift, and go to state 5


State 3

    1 X: Y .

    $default  reduce using rule 1 (X)


State 4

    2 Y: NUMBER Y .

    $default  reduce using rule 2 (Y)


State 5

    0 $accept: X $end .

    $default  accept
